d:\renderer\renderer11\firstpersoncamera\intermediate\debug\win32\vc140.pdb
d:\renderer\renderer11\firstpersoncamera\intermediate\debug\win32\vc140.idb
d:\renderer\renderer11\firstpersoncamera\intermediate\debug\win32\ddstextureloader.obj
d:\renderer\renderer11\firstpersoncamera\intermediate\debug\win32\dxerr.obj
d:\renderer\renderer11\firstpersoncamera\intermediate\debug\win32\d3dapp.obj
d:\renderer\renderer11\firstpersoncamera\intermediate\debug\win32\gametimer.obj
d:\renderer\renderer11\firstpersoncamera\intermediate\debug\win32\geometrygenerator.obj
d:\renderer\renderer11\firstpersoncamera\intermediate\debug\win32\gfirstpersoncamera.obj
d:\renderer\renderer11\firstpersoncamera\intermediate\debug\win32\gobject.obj
d:\renderer\renderer11\firstpersoncamera\intermediate\debug\win32\mathhelper.obj
d:\renderer\renderer11\firstpersoncamera\intermediate\debug\win32\main.obj
d:\renderer\renderer11\firstpersoncamera\intermediate\debug\win32\myapp.obj
d:\renderer\renderer11\firstpersoncamera\intermediate\debug\win32\gcube.obj
d:\renderer\renderer11\firstpersoncamera\intermediate\debug\win32\gplane.obj
d:\renderer\renderer11\firstpersoncamera\bin\debug\win32\lighthelper.cso
d:\renderer\renderer11\firstpersoncamera\bin\debug\win32\pixelshader.cso
d:\renderer\renderer11\firstpersoncamera\bin\debug\win32\vertexshader.cso
d:\renderer\renderer11\firstpersoncamera\bin\debug\win32\firstpersoncamera.ilk
d:\renderer\renderer11\firstpersoncamera\bin\debug\win32\firstpersoncamera.exe
d:\renderer\renderer11\firstpersoncamera\bin\debug\win32\firstpersoncamera.pdb
d:\renderer\renderer11\firstpersoncamera\intermediate\debug\win32\firstper.2d45b3e7.tlog\cl.command.1.tlog
d:\renderer\renderer11\firstpersoncamera\intermediate\debug\win32\firstper.2d45b3e7.tlog\cl.read.1.tlog
d:\renderer\renderer11\firstpersoncamera\intermediate\debug\win32\firstper.2d45b3e7.tlog\cl.write.1.tlog
d:\renderer\renderer11\firstpersoncamera\intermediate\debug\win32\firstper.2d45b3e7.tlog\firstpersoncamera.write.1u.tlog
d:\renderer\renderer11\firstpersoncamera\intermediate\debug\win32\firstper.2d45b3e7.tlog\fxc.command.1.tlog
d:\renderer\renderer11\firstpersoncamera\intermediate\debug\win32\firstper.2d45b3e7.tlog\fxc.read.1.tlog
d:\renderer\renderer11\firstpersoncamera\intermediate\debug\win32\firstper.2d45b3e7.tlog\fxc.write.1.tlog
d:\renderer\renderer11\firstpersoncamera\intermediate\debug\win32\firstper.2d45b3e7.tlog\link.command.1.tlog
d:\renderer\renderer11\firstpersoncamera\intermediate\debug\win32\firstper.2d45b3e7.tlog\link.read.1.tlog
d:\renderer\renderer11\firstpersoncamera\intermediate\debug\win32\firstper.2d45b3e7.tlog\link.write.1.tlog
