d:\renderer\renderer11\lightingdemo\intermediate\debug\win32\vc140.pdb
d:\renderer\renderer11\lightingdemo\intermediate\debug\win32\vc140.idb
d:\renderer\renderer11\lightingdemo\intermediate\debug\win32\ddstextureloader.obj
d:\renderer\renderer11\lightingdemo\intermediate\debug\win32\dxerr.obj
d:\renderer\renderer11\lightingdemo\intermediate\debug\win32\d3dapp.obj
d:\renderer\renderer11\lightingdemo\intermediate\debug\win32\gametimer.obj
d:\renderer\renderer11\lightingdemo\intermediate\debug\win32\geometrygenerator.obj
d:\renderer\renderer11\lightingdemo\intermediate\debug\win32\mathhelper.obj
d:\renderer\renderer11\lightingdemo\intermediate\debug\win32\gobject.obj
d:\renderer\renderer11\lightingdemo\intermediate\debug\win32\main.obj
d:\renderer\renderer11\lightingdemo\intermediate\debug\win32\myapp.obj
d:\renderer\renderer11\lightingdemo\lighthelper.fxo
d:\renderer\renderer11\lightingdemo\pixelshader.fxo
d:\renderer\renderer11\lightingdemo\vertexshader.fxo
d:\renderer\renderer11\lightingdemo\bin\debug\win32\lightingdemo.pdb
d:\renderer\renderer11\lightingdemo\intermediate\debug\win32\lightingdemo.tlog\cl.command.1.tlog
d:\renderer\renderer11\lightingdemo\intermediate\debug\win32\lightingdemo.tlog\cl.read.1.tlog
d:\renderer\renderer11\lightingdemo\intermediate\debug\win32\lightingdemo.tlog\cl.write.1.tlog
d:\renderer\renderer11\lightingdemo\intermediate\debug\win32\lightingdemo.tlog\fxc.command.1.tlog
d:\renderer\renderer11\lightingdemo\intermediate\debug\win32\lightingdemo.tlog\fxc.read.1.tlog
d:\renderer\renderer11\lightingdemo\intermediate\debug\win32\lightingdemo.tlog\fxc.write.1.tlog
d:\renderer\renderer11\lightingdemo\intermediate\debug\win32\lightingdemo.tlog\lightingdemo.write.1u.tlog
d:\renderer\renderer11\lightingdemo\intermediate\debug\win32\lightingdemo.tlog\link.command.1.tlog
d:\renderer\renderer11\lightingdemo\intermediate\debug\win32\lightingdemo.tlog\link.read.1.tlog
d:\renderer\renderer11\lightingdemo\intermediate\debug\win32\lightingdemo.tlog\link.write.1.tlog
